22:10:53 INFO  : Launching XSCT server: xsct.bat -n  -interactive E:\Code\4K-Upsampling-System-on-Zynq\vitis\temp_xsdb_launch_script.tcl
22:10:55 INFO  : XSCT server has started successfully.
22:10:55 INFO  : plnx-install-location is set to ''
22:10:56 INFO  : Successfully done setting XSCT server connection channel  
22:10:56 INFO  : Successfully done query RDI_DATADIR 
22:10:56 INFO  : Successfully done setting workspace for the tool. 
22:10:56 INFO  : Registering command handlers for Vitis TCF services
22:14:14 INFO  : Checking for BSP changes to sync application flags for project 'upsampling'...
22:14:44 INFO  : Connected to target on host '127.0.0.1' and port '3121'.
22:14:45 INFO  : Jtag cable 'Digilent Zybo Z7 210351A78781A' is selected.
22:14:45 INFO  : 'jtag frequency' command is executed.
22:14:45 INFO  : Context for 'APU' is selected.
22:14:45 INFO  : System reset is completed.
22:14:48 INFO  : 'after 3000' command is executed.
22:14:48 INFO  : 'targets -set -filter {jtag_cable_name =~ "Digilent Zybo Z7 210351A78781A" && level==0} -index 1' command is executed.
22:14:50 INFO  : FPGA configured successfully with bitstream "E:/Code/4K-Upsampling-System-on-Zynq/vitis/upsampling/_ide/bitstream/design_1_wrapper.bit"
22:14:51 INFO  : Context for 'APU' is selected.
22:14:51 INFO  : Hardware design information is loaded from 'E:/Code/4K-Upsampling-System-on-Zynq/vitis/design_1_wrapper/export/design_1_wrapper/hw/design_1_wrapper.xsa'.
22:14:51 INFO  : 'configparams force-mem-access 1' command is executed.
22:14:51 INFO  : Context for 'APU' is selected.
22:14:51 INFO  : Sourcing of 'E:/Code/4K-Upsampling-System-on-Zynq/vitis/upsampling/_ide/psinit/ps7_init.tcl' is done.
22:14:51 INFO  : 'ps7_init' command is executed.
22:14:51 INFO  : 'ps7_post_config' command is executed.
22:14:51 INFO  : Context for processor 'ps7_cortexa9_0' is selected.
22:14:54 INFO  : The application 'E:/Code/4K-Upsampling-System-on-Zynq/vitis/upsampling/Debug/upsampling.elf' is downloaded to processor 'ps7_cortexa9_0'.
22:14:54 INFO  : 'configparams force-mem-access 0' command is executed.
22:14:54 INFO  : ----------------XSDB Script----------------
connect -url tcp:127.0.0.1:3121
targets -set -nocase -filter {name =~"APU*"}
rst -system
after 3000
targets -set -filter {jtag_cable_name =~ "Digilent Zybo Z7 210351A78781A" && level==0} -index 1
fpga -file E:/Code/4K-Upsampling-System-on-Zynq/vitis/upsampling/_ide/bitstream/design_1_wrapper.bit
targets -set -nocase -filter {name =~"APU*"}
loadhw -hw E:/Code/4K-Upsampling-System-on-Zynq/vitis/design_1_wrapper/export/design_1_wrapper/hw/design_1_wrapper.xsa -mem-ranges [list {0x40000000 0xbfffffff}]
configparams force-mem-access 1
targets -set -nocase -filter {name =~"APU*"}
source E:/Code/4K-Upsampling-System-on-Zynq/vitis/upsampling/_ide/psinit/ps7_init.tcl
ps7_init
ps7_post_config
targets -set -nocase -filter {name =~ "*A9*#0"}
dow E:/Code/4K-Upsampling-System-on-Zynq/vitis/upsampling/Debug/upsampling.elf
configparams force-mem-access 0
----------------End of Script----------------

22:14:55 INFO  : Memory regions updated for context APU
22:14:55 INFO  : Context for processor 'ps7_cortexa9_0' is selected.
22:14:55 INFO  : 'con' command is executed.
22:14:55 INFO  : ----------------XSDB Script (After Launch)----------------
targets -set -nocase -filter {name =~ "*A9*#0"}
con
----------------End of Script----------------

22:14:55 INFO  : Launch script is exported to file 'E:\Code\4K-Upsampling-System-on-Zynq\vitis\.sdk\launch_scripts\single_application_debug\debugger_upsampling-default.tcl'
22:17:50 INFO  : Disconnected from the channel tcfchan#2.
22:21:31 INFO  : Checking for BSP changes to sync application flags for project 'upsampling'...
22:21:45 INFO  : Checking for BSP changes to sync application flags for project 'upsampling'...
22:21:55 INFO  : Connected to target on host '127.0.0.1' and port '3121'.
22:21:55 INFO  : Jtag cable 'Digilent Zybo Z7 210351A78781A' is selected.
22:21:55 INFO  : 'jtag frequency' command is executed.
22:21:55 INFO  : Context for 'APU' is selected.
22:21:55 INFO  : System reset is completed.
22:21:58 INFO  : 'after 3000' command is executed.
22:21:59 INFO  : 'targets -set -filter {jtag_cable_name =~ "Digilent Zybo Z7 210351A78781A" && level==0} -index 1' command is executed.
22:22:01 INFO  : FPGA configured successfully with bitstream "E:/Code/4K-Upsampling-System-on-Zynq/vitis/upsampling/_ide/bitstream/design_1_wrapper.bit"
22:22:01 INFO  : Context for 'APU' is selected.
22:22:01 INFO  : Hardware design information is loaded from 'E:/Code/4K-Upsampling-System-on-Zynq/vitis/design_1_wrapper/export/design_1_wrapper/hw/design_1_wrapper.xsa'.
22:22:01 INFO  : 'configparams force-mem-access 1' command is executed.
22:22:01 INFO  : Context for 'APU' is selected.
22:22:01 INFO  : Sourcing of 'E:/Code/4K-Upsampling-System-on-Zynq/vitis/upsampling/_ide/psinit/ps7_init.tcl' is done.
22:22:01 INFO  : 'ps7_init' command is executed.
22:22:01 INFO  : 'ps7_post_config' command is executed.
22:22:01 INFO  : Context for processor 'ps7_cortexa9_0' is selected.
22:22:05 INFO  : The application 'E:/Code/4K-Upsampling-System-on-Zynq/vitis/upsampling/Debug/upsampling.elf' is downloaded to processor 'ps7_cortexa9_0'.
22:22:05 INFO  : 'configparams force-mem-access 0' command is executed.
22:22:05 INFO  : ----------------XSDB Script----------------
connect -url tcp:127.0.0.1:3121
targets -set -nocase -filter {name =~"APU*"}
rst -system
after 3000
targets -set -filter {jtag_cable_name =~ "Digilent Zybo Z7 210351A78781A" && level==0} -index 1
fpga -file E:/Code/4K-Upsampling-System-on-Zynq/vitis/upsampling/_ide/bitstream/design_1_wrapper.bit
targets -set -nocase -filter {name =~"APU*"}
loadhw -hw E:/Code/4K-Upsampling-System-on-Zynq/vitis/design_1_wrapper/export/design_1_wrapper/hw/design_1_wrapper.xsa -mem-ranges [list {0x40000000 0xbfffffff}]
configparams force-mem-access 1
targets -set -nocase -filter {name =~"APU*"}
source E:/Code/4K-Upsampling-System-on-Zynq/vitis/upsampling/_ide/psinit/ps7_init.tcl
ps7_init
ps7_post_config
targets -set -nocase -filter {name =~ "*A9*#0"}
dow E:/Code/4K-Upsampling-System-on-Zynq/vitis/upsampling/Debug/upsampling.elf
configparams force-mem-access 0
----------------End of Script----------------

22:22:05 INFO  : Memory regions updated for context APU
22:22:05 INFO  : Context for processor 'ps7_cortexa9_0' is selected.
22:22:05 INFO  : 'con' command is executed.
22:22:05 INFO  : ----------------XSDB Script (After Launch)----------------
targets -set -nocase -filter {name =~ "*A9*#0"}
con
----------------End of Script----------------

22:22:05 INFO  : Launch script is exported to file 'E:\Code\4K-Upsampling-System-on-Zynq\vitis\.sdk\launch_scripts\single_application_debug\debugger_upsampling-default.tcl'
22:30:53 INFO  : Disconnected from the channel tcfchan#3.
22:30:56 INFO  : Connected to target on host '127.0.0.1' and port '3121'.
22:30:56 INFO  : Jtag cable 'Digilent Zybo Z7 210351A78781A' is selected.
22:30:56 INFO  : 'jtag frequency' command is executed.
22:30:56 INFO  : Context for 'APU' is selected.
22:30:56 INFO  : System reset is completed.
22:30:59 INFO  : 'after 3000' command is executed.
22:30:59 INFO  : 'targets -set -filter {jtag_cable_name =~ "Digilent Zybo Z7 210351A78781A" && level==0} -index 1' command is executed.
22:31:02 INFO  : FPGA configured successfully with bitstream "E:/Code/4K-Upsampling-System-on-Zynq/vitis/upsampling/_ide/bitstream/design_1_wrapper.bit"
22:31:02 INFO  : Context for 'APU' is selected.
22:31:02 INFO  : Hardware design information is loaded from 'E:/Code/4K-Upsampling-System-on-Zynq/vitis/design_1_wrapper/export/design_1_wrapper/hw/design_1_wrapper.xsa'.
22:31:02 INFO  : 'configparams force-mem-access 1' command is executed.
22:31:02 INFO  : Context for 'APU' is selected.
22:31:02 INFO  : Sourcing of 'E:/Code/4K-Upsampling-System-on-Zynq/vitis/upsampling/_ide/psinit/ps7_init.tcl' is done.
22:31:02 INFO  : 'ps7_init' command is executed.
22:31:02 INFO  : 'ps7_post_config' command is executed.
22:31:02 INFO  : Context for processor 'ps7_cortexa9_0' is selected.
22:31:05 INFO  : The application 'E:/Code/4K-Upsampling-System-on-Zynq/vitis/upsampling/Debug/upsampling.elf' is downloaded to processor 'ps7_cortexa9_0'.
22:31:05 INFO  : 'configparams force-mem-access 0' command is executed.
22:31:05 INFO  : ----------------XSDB Script----------------
connect -url tcp:127.0.0.1:3121
targets -set -nocase -filter {name =~"APU*"}
rst -system
after 3000
targets -set -filter {jtag_cable_name =~ "Digilent Zybo Z7 210351A78781A" && level==0} -index 1
fpga -file E:/Code/4K-Upsampling-System-on-Zynq/vitis/upsampling/_ide/bitstream/design_1_wrapper.bit
targets -set -nocase -filter {name =~"APU*"}
loadhw -hw E:/Code/4K-Upsampling-System-on-Zynq/vitis/design_1_wrapper/export/design_1_wrapper/hw/design_1_wrapper.xsa -mem-ranges [list {0x40000000 0xbfffffff}]
configparams force-mem-access 1
targets -set -nocase -filter {name =~"APU*"}
source E:/Code/4K-Upsampling-System-on-Zynq/vitis/upsampling/_ide/psinit/ps7_init.tcl
ps7_init
ps7_post_config
targets -set -nocase -filter {name =~ "*A9*#0"}
dow E:/Code/4K-Upsampling-System-on-Zynq/vitis/upsampling/Debug/upsampling.elf
configparams force-mem-access 0
----------------End of Script----------------

22:31:05 INFO  : Memory regions updated for context APU
22:31:05 INFO  : Context for processor 'ps7_cortexa9_0' is selected.
22:31:05 INFO  : 'con' command is executed.
22:31:05 INFO  : ----------------XSDB Script (After Launch)----------------
targets -set -nocase -filter {name =~ "*A9*#0"}
con
----------------End of Script----------------

22:31:05 INFO  : Launch script is exported to file 'E:\Code\4K-Upsampling-System-on-Zynq\vitis\.sdk\launch_scripts\single_application_debug\debugger_upsampling-default.tcl'
22:33:08 INFO  : Disconnected from the channel tcfchan#4.
22:33:11 INFO  : Connected to target on host '127.0.0.1' and port '3121'.
22:33:11 INFO  : Jtag cable 'Digilent Zybo Z7 210351A78781A' is selected.
22:33:11 INFO  : 'jtag frequency' command is executed.
22:33:11 INFO  : Context for 'APU' is selected.
22:33:11 INFO  : System reset is completed.
22:33:14 INFO  : 'after 3000' command is executed.
22:33:14 INFO  : 'targets -set -filter {jtag_cable_name =~ "Digilent Zybo Z7 210351A78781A" && level==0} -index 1' command is executed.
22:33:17 INFO  : FPGA configured successfully with bitstream "E:/Code/4K-Upsampling-System-on-Zynq/vitis/upsampling/_ide/bitstream/design_1_wrapper.bit"
22:33:17 INFO  : Context for 'APU' is selected.
22:33:17 INFO  : Hardware design information is loaded from 'E:/Code/4K-Upsampling-System-on-Zynq/vitis/design_1_wrapper/export/design_1_wrapper/hw/design_1_wrapper.xsa'.
22:33:17 INFO  : 'configparams force-mem-access 1' command is executed.
22:33:17 INFO  : Context for 'APU' is selected.
22:33:17 INFO  : Sourcing of 'E:/Code/4K-Upsampling-System-on-Zynq/vitis/upsampling/_ide/psinit/ps7_init.tcl' is done.
22:33:17 INFO  : 'ps7_init' command is executed.
22:33:17 INFO  : 'ps7_post_config' command is executed.
22:33:17 INFO  : Context for processor 'ps7_cortexa9_0' is selected.
22:33:20 INFO  : The application 'E:/Code/4K-Upsampling-System-on-Zynq/vitis/upsampling/Debug/upsampling.elf' is downloaded to processor 'ps7_cortexa9_0'.
22:33:20 INFO  : 'configparams force-mem-access 0' command is executed.
22:33:20 INFO  : ----------------XSDB Script----------------
connect -url tcp:127.0.0.1:3121
targets -set -nocase -filter {name =~"APU*"}
rst -system
after 3000
targets -set -filter {jtag_cable_name =~ "Digilent Zybo Z7 210351A78781A" && level==0} -index 1
fpga -file E:/Code/4K-Upsampling-System-on-Zynq/vitis/upsampling/_ide/bitstream/design_1_wrapper.bit
targets -set -nocase -filter {name =~"APU*"}
loadhw -hw E:/Code/4K-Upsampling-System-on-Zynq/vitis/design_1_wrapper/export/design_1_wrapper/hw/design_1_wrapper.xsa -mem-ranges [list {0x40000000 0xbfffffff}]
configparams force-mem-access 1
targets -set -nocase -filter {name =~"APU*"}
source E:/Code/4K-Upsampling-System-on-Zynq/vitis/upsampling/_ide/psinit/ps7_init.tcl
ps7_init
ps7_post_config
targets -set -nocase -filter {name =~ "*A9*#0"}
dow E:/Code/4K-Upsampling-System-on-Zynq/vitis/upsampling/Debug/upsampling.elf
configparams force-mem-access 0
----------------End of Script----------------

22:33:21 INFO  : Memory regions updated for context APU
22:33:21 INFO  : Context for processor 'ps7_cortexa9_0' is selected.
22:33:21 INFO  : 'con' command is executed.
22:33:21 INFO  : ----------------XSDB Script (After Launch)----------------
targets -set -nocase -filter {name =~ "*A9*#0"}
con
----------------End of Script----------------

22:33:21 INFO  : Launch script is exported to file 'E:\Code\4K-Upsampling-System-on-Zynq\vitis\.sdk\launch_scripts\single_application_debug\debugger_upsampling-default.tcl'
22:39:39 INFO  : Disconnected from the channel tcfchan#5.
22:40:21 INFO  : Connected to target on host '127.0.0.1' and port '3121'.
22:40:21 INFO  : Jtag cable 'Digilent Zybo Z7 210351A78781A' is selected.
22:40:21 INFO  : 'jtag frequency' command is executed.
22:40:21 INFO  : Context for 'APU' is selected.
22:40:21 INFO  : System reset is completed.
22:40:24 INFO  : 'after 3000' command is executed.
22:40:25 INFO  : 'targets -set -filter {jtag_cable_name =~ "Digilent Zybo Z7 210351A78781A" && level==0} -index 1' command is executed.
22:40:27 INFO  : FPGA configured successfully with bitstream "E:/Code/4K-Upsampling-System-on-Zynq/vitis/upsampling/_ide/bitstream/design_1_wrapper.bit"
22:40:27 INFO  : Context for 'APU' is selected.
22:40:27 INFO  : Hardware design information is loaded from 'E:/Code/4K-Upsampling-System-on-Zynq/vitis/design_1_wrapper/export/design_1_wrapper/hw/design_1_wrapper.xsa'.
22:40:27 INFO  : 'configparams force-mem-access 1' command is executed.
22:40:27 INFO  : Context for 'APU' is selected.
22:40:27 INFO  : Sourcing of 'E:/Code/4K-Upsampling-System-on-Zynq/vitis/upsampling/_ide/psinit/ps7_init.tcl' is done.
22:40:27 INFO  : 'ps7_init' command is executed.
22:40:27 INFO  : 'ps7_post_config' command is executed.
22:40:27 INFO  : Context for processor 'ps7_cortexa9_0' is selected.
22:40:31 INFO  : The application 'E:/Code/4K-Upsampling-System-on-Zynq/vitis/upsampling/Debug/upsampling.elf' is downloaded to processor 'ps7_cortexa9_0'.
22:40:31 INFO  : 'configparams force-mem-access 0' command is executed.
22:40:31 INFO  : ----------------XSDB Script----------------
connect -url tcp:127.0.0.1:3121
targets -set -nocase -filter {name =~"APU*"}
rst -system
after 3000
targets -set -filter {jtag_cable_name =~ "Digilent Zybo Z7 210351A78781A" && level==0} -index 1
fpga -file E:/Code/4K-Upsampling-System-on-Zynq/vitis/upsampling/_ide/bitstream/design_1_wrapper.bit
targets -set -nocase -filter {name =~"APU*"}
loadhw -hw E:/Code/4K-Upsampling-System-on-Zynq/vitis/design_1_wrapper/export/design_1_wrapper/hw/design_1_wrapper.xsa -mem-ranges [list {0x40000000 0xbfffffff}]
configparams force-mem-access 1
targets -set -nocase -filter {name =~"APU*"}
source E:/Code/4K-Upsampling-System-on-Zynq/vitis/upsampling/_ide/psinit/ps7_init.tcl
ps7_init
ps7_post_config
targets -set -nocase -filter {name =~ "*A9*#0"}
dow E:/Code/4K-Upsampling-System-on-Zynq/vitis/upsampling/Debug/upsampling.elf
configparams force-mem-access 0
----------------End of Script----------------

22:40:31 INFO  : Memory regions updated for context APU
22:40:31 INFO  : Context for processor 'ps7_cortexa9_0' is selected.
22:40:31 INFO  : 'con' command is executed.
22:40:31 INFO  : ----------------XSDB Script (After Launch)----------------
targets -set -nocase -filter {name =~ "*A9*#0"}
con
----------------End of Script----------------

22:40:31 INFO  : Launch script is exported to file 'E:\Code\4K-Upsampling-System-on-Zynq\vitis\.sdk\launch_scripts\single_application_debug\debugger_upsampling-default.tcl'
22:45:01 INFO  : Disconnected from the channel tcfchan#6.
22:45:14 INFO  : Connected to target on host '127.0.0.1' and port '3121'.
22:45:14 INFO  : Jtag cable 'Digilent Zybo Z7 210351A78781A' is selected.
22:45:14 INFO  : 'jtag frequency' command is executed.
22:45:14 INFO  : Context for 'APU' is selected.
22:45:14 INFO  : System reset is completed.
22:45:17 INFO  : 'after 3000' command is executed.
22:45:17 INFO  : 'targets -set -filter {jtag_cable_name =~ "Digilent Zybo Z7 210351A78781A" && level==0} -index 1' command is executed.
22:45:19 INFO  : FPGA configured successfully with bitstream "E:/Code/4K-Upsampling-System-on-Zynq/vitis/upsampling/_ide/bitstream/design_1_wrapper.bit"
22:45:19 INFO  : Context for 'APU' is selected.
22:45:19 INFO  : Hardware design information is loaded from 'E:/Code/4K-Upsampling-System-on-Zynq/vitis/design_1_wrapper/export/design_1_wrapper/hw/design_1_wrapper.xsa'.
22:45:19 INFO  : 'configparams force-mem-access 1' command is executed.
22:45:19 INFO  : Context for 'APU' is selected.
22:45:19 INFO  : Sourcing of 'E:/Code/4K-Upsampling-System-on-Zynq/vitis/upsampling/_ide/psinit/ps7_init.tcl' is done.
22:45:20 INFO  : 'ps7_init' command is executed.
22:45:20 INFO  : 'ps7_post_config' command is executed.
22:45:20 INFO  : Context for processor 'ps7_cortexa9_0' is selected.
22:45:23 INFO  : The application 'E:/Code/4K-Upsampling-System-on-Zynq/vitis/upsampling/Debug/upsampling.elf' is downloaded to processor 'ps7_cortexa9_0'.
22:45:23 INFO  : 'configparams force-mem-access 0' command is executed.
22:45:23 INFO  : ----------------XSDB Script----------------
connect -url tcp:127.0.0.1:3121
targets -set -nocase -filter {name =~"APU*"}
rst -system
after 3000
targets -set -filter {jtag_cable_name =~ "Digilent Zybo Z7 210351A78781A" && level==0} -index 1
fpga -file E:/Code/4K-Upsampling-System-on-Zynq/vitis/upsampling/_ide/bitstream/design_1_wrapper.bit
targets -set -nocase -filter {name =~"APU*"}
loadhw -hw E:/Code/4K-Upsampling-System-on-Zynq/vitis/design_1_wrapper/export/design_1_wrapper/hw/design_1_wrapper.xsa -mem-ranges [list {0x40000000 0xbfffffff}]
configparams force-mem-access 1
targets -set -nocase -filter {name =~"APU*"}
source E:/Code/4K-Upsampling-System-on-Zynq/vitis/upsampling/_ide/psinit/ps7_init.tcl
ps7_init
ps7_post_config
targets -set -nocase -filter {name =~ "*A9*#0"}
dow E:/Code/4K-Upsampling-System-on-Zynq/vitis/upsampling/Debug/upsampling.elf
configparams force-mem-access 0
----------------End of Script----------------

22:45:23 INFO  : Memory regions updated for context APU
22:45:23 INFO  : Context for processor 'ps7_cortexa9_0' is selected.
22:45:23 INFO  : 'con' command is executed.
22:45:23 INFO  : ----------------XSDB Script (After Launch)----------------
targets -set -nocase -filter {name =~ "*A9*#0"}
con
----------------End of Script----------------

22:45:23 INFO  : Launch script is exported to file 'E:\Code\4K-Upsampling-System-on-Zynq\vitis\.sdk\launch_scripts\single_application_debug\debugger_upsampling-default.tcl'
22:53:15 INFO  : Disconnected from the channel tcfchan#7.
