
*** Running vivado
    with args -log design_1_Upsampling_Bayes_0_0.vds -m64 -product Vivado -mode batch -messageDb vivado.pb -notrace -source design_1_Upsampling_Bayes_0_0.tcl


****** Vivado v2019.2 (64-bit)
  **** SW Build 2708876 on Wed Nov  6 21:40:23 MST 2019
  **** IP Build 2700528 on Thu Nov  7 00:09:20 MST 2019
    ** Copyright 1986-2019 Xilinx, Inc. All Rights Reserved.

source design_1_Upsampling_Bayes_0_0.tcl -notrace
INFO: [IP_Flow 19-234] Refreshing IP repositories
INFO: [IP_Flow 19-1700] Loaded user IP repository 'e:/Code/4K-Upsampling-System-on-Zynq/src/ip_repo'.
INFO: [IP_Flow 19-1700] Loaded user IP repository 'e:/Code/4K-Upsampling-System-on-Zynq/src/verilog/upsampling'.
INFO: [IP_Flow 19-2313] Loaded Vivado IP repository 'C:/Xilinx/Vivado/2019.2/data/ip'.
Command: synth_design -top design_1_Upsampling_Bayes_0_0 -part xc7z020clg400-1 -mode out_of_context
Starting synth_design
Attempting to get a license for feature 'Synthesis' and/or device 'xc7z020'
INFO: [Common 17-349] Got license for feature 'Synthesis' and/or device 'xc7z020'
INFO: [Device 21-403] Loading part xc7z020clg400-1
INFO: Launching helper process for spawning children vivado processes
INFO: Helper process launched with PID 11116 
WARNING: [Synth 8-2507] parameter declaration becomes local in Upsampling_Bayes_S00_AXIS with formal parameter declaration list [e:/Code/4K-Upsampling-System-on-Zynq/vivado/vivado.srcs/sources_1/bd/design_1/ipshared/6ade/Upsampling_Bayes_S00_AXIS.v:56]
---------------------------------------------------------------------------------
Starting RTL Elaboration : Time (s): cpu = 00:00:05 ; elapsed = 00:00:07 . Memory (MB): peak = 990.684 ; gain = 243.965
---------------------------------------------------------------------------------
INFO: [Synth 8-6157] synthesizing module 'design_1_Upsampling_Bayes_0_0' [e:/Code/4K-Upsampling-System-on-Zynq/vivado/vivado.srcs/sources_1/bd/design_1/ip/design_1_Upsampling_Bayes_0_0/synth/design_1_Upsampling_Bayes_0_0.v:58]
INFO: [Synth 8-6157] synthesizing module 'Upsampling_Bayes' [e:/Code/4K-Upsampling-System-on-Zynq/vivado/vivado.srcs/sources_1/bd/design_1/ipshared/6ade/Upsampling_Bayes.v:3]
	Parameter PIXEL_WIDTH bound to: 24 - type: integer 
	Parameter C_S00_AXIS_TDATA_WIDTH bound to: 32 - type: integer 
	Parameter C_M00_AXIS_TDATA_WIDTH bound to: 128 - type: integer 
	Parameter C_M00_AXIS_START_COUNT bound to: 16 - type: integer 
INFO: [Synth 8-5534] Detected attribute (* mark_debug = "true" *) [e:/Code/4K-Upsampling-System-on-Zynq/vivado/vivado.srcs/sources_1/bd/design_1/ipshared/6ade/Upsampling_Bayes.v:46]
INFO: [Synth 8-5534] Detected attribute (* mark_debug = "true" *) [e:/Code/4K-Upsampling-System-on-Zynq/vivado/vivado.srcs/sources_1/bd/design_1/ipshared/6ade/Upsampling_Bayes.v:47]
INFO: [Synth 8-5534] Detected attribute (* mark_debug = "true" *) [e:/Code/4K-Upsampling-System-on-Zynq/vivado/vivado.srcs/sources_1/bd/design_1/ipshared/6ade/Upsampling_Bayes.v:49]
INFO: [Synth 8-5534] Detected attribute (* mark_debug = "true" *) [e:/Code/4K-Upsampling-System-on-Zynq/vivado/vivado.srcs/sources_1/bd/design_1/ipshared/6ade/Upsampling_Bayes.v:51]
INFO: [Synth 8-5534] Detected attribute (* mark_debug = "true" *) [e:/Code/4K-Upsampling-System-on-Zynq/vivado/vivado.srcs/sources_1/bd/design_1/ipshared/6ade/Upsampling_Bayes.v:53]
INFO: [Synth 8-5534] Detected attribute (* mark_debug = "true" *) [e:/Code/4K-Upsampling-System-on-Zynq/vivado/vivado.srcs/sources_1/bd/design_1/ipshared/6ade/Upsampling_Bayes.v:55]
INFO: [Synth 8-5534] Detected attribute (* mark_debug = "true" *) [e:/Code/4K-Upsampling-System-on-Zynq/vivado/vivado.srcs/sources_1/bd/design_1/ipshared/6ade/Upsampling_Bayes.v:57]
INFO: [Synth 8-6157] synthesizing module 'Upsampling_Bayes_S00_AXIS' [e:/Code/4K-Upsampling-System-on-Zynq/vivado/vivado.srcs/sources_1/bd/design_1/ipshared/6ade/Upsampling_Bayes_S00_AXIS.v:4]
	Parameter C_S_AXIS_TDATA_WIDTH bound to: 32 - type: integer 
	Parameter NUMBER_OF_INPUT_WORDS bound to: 8 - type: integer 
	Parameter bit_num bound to: 3 - type: integer 
	Parameter IDLE bound to: 2'b00 
	Parameter WRITE_FIFO bound to: 2'b01 
INFO: [Synth 8-6155] done synthesizing module 'Upsampling_Bayes_S00_AXIS' (1#1) [e:/Code/4K-Upsampling-System-on-Zynq/vivado/vivado.srcs/sources_1/bd/design_1/ipshared/6ade/Upsampling_Bayes_S00_AXIS.v:4]
INFO: [Synth 8-6157] synthesizing module 'Upsampling_Bayes_M00_AXIS' [e:/Code/4K-Upsampling-System-on-Zynq/vivado/vivado.srcs/sources_1/bd/design_1/ipshared/6ade/Upsampling_Bayes_M00_AXIS.v:3]
	Parameter PIXEL_WIDTH bound to: 24 - type: integer 
	Parameter ROW_PIXEL_COUNT bound to: 800 - type: integer 
	Parameter C_M_AXIS_TDATA_WIDTH bound to: 128 - type: integer 
	Parameter C_M_START_COUNT bound to: 16 - type: integer 
	Parameter WORD_OF_OUTPUT_BUFFER bound to: 3 - type: integer 
	Parameter WAIT_COUNT_BITS bound to: 4 - type: integer 
	Parameter ROW_SEND_COUNT bound to: 600 - type: integer 
	Parameter ROW_SEND_COUNT_BITS bound to: 10 - type: integer 
	Parameter bit_num bound to: 2 - type: integer 
	Parameter IDLE bound to: 2'b00 
	Parameter INIT_COUNTER bound to: 2'b01 
	Parameter SEND_STREAM bound to: 2'b10 
INFO: [Synth 8-155] case statement is not full and has no default [e:/Code/4K-Upsampling-System-on-Zynq/vivado/vivado.srcs/sources_1/bd/design_1/ipshared/6ade/Upsampling_Bayes_M00_AXIS.v:113]
INFO: [Synth 8-6155] done synthesizing module 'Upsampling_Bayes_M00_AXIS' (2#1) [e:/Code/4K-Upsampling-System-on-Zynq/vivado/vivado.srcs/sources_1/bd/design_1/ipshared/6ade/Upsampling_Bayes_M00_AXIS.v:3]
INFO: [Synth 8-6157] synthesizing module 'S_AXIS_2_pixel_low' [e:/Code/4K-Upsampling-System-on-Zynq/vivado/vivado.srcs/sources_1/bd/design_1/ipshared/6ade/S_AXIS_2_pixel_low.v:3]
	Parameter C_S_AXIS_TDATA_WIDTH bound to: 32 - type: integer 
	Parameter PIXEL_WIDTH bound to: 24 - type: integer 
WARNING: [Synth 8-5788] Register pixel_out_reg_reg in module S_AXIS_2_pixel_low is has both Set and reset with same priority. This may cause simulation mismatches. Consider rewriting code  [e:/Code/4K-Upsampling-System-on-Zynq/vivado/vivado.srcs/sources_1/bd/design_1/ipshared/6ade/S_AXIS_2_pixel_low.v:25]
WARNING: [Synth 8-5788] Register buffer_reg in module S_AXIS_2_pixel_low is has both Set and reset with same priority. This may cause simulation mismatches. Consider rewriting code  [e:/Code/4K-Upsampling-System-on-Zynq/vivado/vivado.srcs/sources_1/bd/design_1/ipshared/6ade/S_AXIS_2_pixel_low.v:38]
INFO: [Synth 8-6155] done synthesizing module 'S_AXIS_2_pixel_low' (3#1) [e:/Code/4K-Upsampling-System-on-Zynq/vivado/vivado.srcs/sources_1/bd/design_1/ipshared/6ade/S_AXIS_2_pixel_low.v:3]
INFO: [Synth 8-6157] synthesizing module 'Super_Res' [e:/Code/4K-Upsampling-System-on-Zynq/vivado/vivado.srcs/sources_1/bd/design_1/ipshared/6ade/Super_Res.v:1]
	Parameter PIXEL_WIDTH bound to: 24 - type: integer 
INFO: [Synth 8-6155] done synthesizing module 'Super_Res' (4#1) [e:/Code/4K-Upsampling-System-on-Zynq/vivado/vivado.srcs/sources_1/bd/design_1/ipshared/6ade/Super_Res.v:1]
INFO: [Synth 8-6157] synthesizing module 'pixel_high_2_M_AXIS' [e:/Code/4K-Upsampling-System-on-Zynq/vivado/vivado.srcs/sources_1/bd/design_1/ipshared/6ade/pixel_high_2_M_AXIS.v:3]
	Parameter C_M_AXIS_TDATA_WIDTH bound to: 128 - type: integer 
	Parameter PIXEL_WIDTH bound to: 24 - type: integer 
INFO: [Synth 8-226] default block is never used [e:/Code/4K-Upsampling-System-on-Zynq/vivado/vivado.srcs/sources_1/bd/design_1/ipshared/6ade/pixel_high_2_M_AXIS.v:34]
WARNING: [Synth 8-5788] Register data_out_reg_reg in module pixel_high_2_M_AXIS is has both Set and reset with same priority. This may cause simulation mismatches. Consider rewriting code  [e:/Code/4K-Upsampling-System-on-Zynq/vivado/vivado.srcs/sources_1/bd/design_1/ipshared/6ade/pixel_high_2_M_AXIS.v:25]
WARNING: [Synth 8-5788] Register buffer_reg in module pixel_high_2_M_AXIS is has both Set and reset with same priority. This may cause simulation mismatches. Consider rewriting code  [e:/Code/4K-Upsampling-System-on-Zynq/vivado/vivado.srcs/sources_1/bd/design_1/ipshared/6ade/pixel_high_2_M_AXIS.v:47]
INFO: [Synth 8-6155] done synthesizing module 'pixel_high_2_M_AXIS' (5#1) [e:/Code/4K-Upsampling-System-on-Zynq/vivado/vivado.srcs/sources_1/bd/design_1/ipshared/6ade/pixel_high_2_M_AXIS.v:3]
INFO: [Synth 8-6071] Mark debug on the nets applies keep_hierarchy on instance 'Upsampling_Bayes_S00_AXIS_inst'. This will prevent further optimization [e:/Code/4K-Upsampling-System-on-Zynq/vivado/vivado.srcs/sources_1/bd/design_1/ipshared/6ade/Upsampling_Bayes.v:62]
INFO: [Synth 8-6071] Mark debug on the nets applies keep_hierarchy on instance 'S_AXIS_2_pixel_low_0'. This will prevent further optimization [e:/Code/4K-Upsampling-System-on-Zynq/vivado/vivado.srcs/sources_1/bd/design_1/ipshared/6ade/Upsampling_Bayes.v:98]
INFO: [Synth 8-6071] Mark debug on the nets applies keep_hierarchy on instance 'pixel_high_2_M_AXIS_0'. This will prevent further optimization [e:/Code/4K-Upsampling-System-on-Zynq/vivado/vivado.srcs/sources_1/bd/design_1/ipshared/6ade/Upsampling_Bayes.v:125]
INFO: [Synth 8-6071] Mark debug on the nets applies keep_hierarchy on instance 'Upsampling_Bayes_M00_AXIS_inst'. This will prevent further optimization [e:/Code/4K-Upsampling-System-on-Zynq/vivado/vivado.srcs/sources_1/bd/design_1/ipshared/6ade/Upsampling_Bayes.v:80]
INFO: [Synth 8-6071] Mark debug on the nets applies keep_hierarchy on instance 'Super_Res_0'. This will prevent further optimization [e:/Code/4K-Upsampling-System-on-Zynq/vivado/vivado.srcs/sources_1/bd/design_1/ipshared/6ade/Upsampling_Bayes.v:111]
INFO: [Synth 8-6155] done synthesizing module 'Upsampling_Bayes' (6#1) [e:/Code/4K-Upsampling-System-on-Zynq/vivado/vivado.srcs/sources_1/bd/design_1/ipshared/6ade/Upsampling_Bayes.v:3]
INFO: [Synth 8-6155] done synthesizing module 'design_1_Upsampling_Bayes_0_0' (7#1) [e:/Code/4K-Upsampling-System-on-Zynq/vivado/vivado.srcs/sources_1/bd/design_1/ip/design_1_Upsampling_Bayes_0_0/synth/design_1_Upsampling_Bayes_0_0.v:58]
WARNING: [Synth 8-3331] design pixel_high_2_M_AXIS has unconnected port pixel_in[96]
WARNING: [Synth 8-3331] design Super_Res has unconnected port clk
WARNING: [Synth 8-3331] design Super_Res has unconnected port rst_n
WARNING: [Synth 8-3331] design Upsampling_Bayes_S00_AXIS has unconnected port S_AXIS_TSTRB[3]
WARNING: [Synth 8-3331] design Upsampling_Bayes_S00_AXIS has unconnected port S_AXIS_TSTRB[2]
WARNING: [Synth 8-3331] design Upsampling_Bayes_S00_AXIS has unconnected port S_AXIS_TSTRB[1]
WARNING: [Synth 8-3331] design Upsampling_Bayes_S00_AXIS has unconnected port S_AXIS_TSTRB[0]
---------------------------------------------------------------------------------
Finished RTL Elaboration : Time (s): cpu = 00:00:06 ; elapsed = 00:00:09 . Memory (MB): peak = 1039.059 ; gain = 292.340
---------------------------------------------------------------------------------

Report Check Netlist: 
+------+------------------+-------+---------+-------+------------------+
|      |Item              |Errors |Warnings |Status |Description       |
+------+------------------+-------+---------+-------+------------------+
|1     |multi_driven_nets |      0|        0|Passed |Multi driven nets |
+------+------------------+-------+---------+-------+------------------+
---------------------------------------------------------------------------------
Start Handling Custom Attributes
---------------------------------------------------------------------------------
---------------------------------------------------------------------------------
Finished Handling Custom Attributes : Time (s): cpu = 00:00:07 ; elapsed = 00:00:09 . Memory (MB): peak = 1039.059 ; gain = 292.340
---------------------------------------------------------------------------------
---------------------------------------------------------------------------------
Finished RTL Optimization Phase 1 : Time (s): cpu = 00:00:07 ; elapsed = 00:00:09 . Memory (MB): peak = 1039.059 ; gain = 292.340
---------------------------------------------------------------------------------
Netlist sorting complete. Time (s): cpu = 00:00:00 ; elapsed = 00:00:00.036 . Memory (MB): peak = 1039.059 ; gain = 0.000
INFO: [Project 1-570] Preparing netlist for logic optimization

Processing XDC Constraints
Initializing timing engine
Completed Processing XDC Constraints

Netlist sorting complete. Time (s): cpu = 00:00:00 ; elapsed = 00:00:00 . Memory (MB): peak = 1144.617 ; gain = 0.000
INFO: [Project 1-111] Unisim Transformation Summary:
No Unisim elements were transformed.

WARNING: [Constraints 18-5210] No constraints selected for write.
Resolution: This message can indicate that there are no constraints for the design, or it can indicate that the used_in flags are set such that the constraints are ignored. This later case is used when running synth_design to not write synthesis constraints to the resulting checkpoint. Instead, project constraints are read when the synthesized design is opened.
Constraint Validation Runtime : Time (s): cpu = 00:00:00 ; elapsed = 00:00:00.116 . Memory (MB): peak = 1147.258 ; gain = 2.641
---------------------------------------------------------------------------------
Finished Constraint Validation : Time (s): cpu = 00:00:15 ; elapsed = 00:00:20 . Memory (MB): peak = 1147.258 ; gain = 400.539
---------------------------------------------------------------------------------
---------------------------------------------------------------------------------
Start Loading Part and Timing Information
---------------------------------------------------------------------------------
Loading part: xc7z020clg400-1
---------------------------------------------------------------------------------
Finished Loading Part and Timing Information : Time (s): cpu = 00:00:15 ; elapsed = 00:00:20 . Memory (MB): peak = 1147.258 ; gain = 400.539
---------------------------------------------------------------------------------
---------------------------------------------------------------------------------
Start Applying 'set_property' XDC Constraints
---------------------------------------------------------------------------------
---------------------------------------------------------------------------------
Finished applying 'set_property' XDC Constraints : Time (s): cpu = 00:00:15 ; elapsed = 00:00:20 . Memory (MB): peak = 1147.258 ; gain = 400.539
---------------------------------------------------------------------------------
INFO: [Synth 8-802] inferred FSM for state register 'mst_exec_state_reg' in module 'Upsampling_Bayes_M00_AXIS'
INFO: [Synth 8-802] inferred FSM for state register 'buffer_count_reg' in module 'S_AXIS_2_pixel_low'
INFO: [Synth 8-802] inferred FSM for state register 'buffer_count_reg' in module 'pixel_high_2_M_AXIS'
---------------------------------------------------------------------------------------------------
                   State |                     New Encoding |                Previous Encoding 
---------------------------------------------------------------------------------------------------
                    IDLE |                               00 |                               00
            INIT_COUNTER |                               01 |                               01
             SEND_STREAM |                               10 |                               10
---------------------------------------------------------------------------------------------------
INFO: [Synth 8-3354] encoded FSM with state register 'mst_exec_state_reg' using encoding 'sequential' in module 'Upsampling_Bayes_M00_AXIS'
---------------------------------------------------------------------------------------------------
                   State |                     New Encoding |                Previous Encoding 
---------------------------------------------------------------------------------------------------
                 iSTATE1 |                               00 |                               00
                  iSTATE |                               01 |                               01
                 iSTATE0 |                               10 |                               10
                 iSTATE2 |                               11 |                               11
---------------------------------------------------------------------------------------------------
INFO: [Synth 8-3354] encoded FSM with state register 'buffer_count_reg' using encoding 'sequential' in module 'S_AXIS_2_pixel_low'
---------------------------------------------------------------------------------------------------
                   State |                     New Encoding |                Previous Encoding 
---------------------------------------------------------------------------------------------------
                 iSTATE1 |                               00 |                               00
                 iSTATE2 |                               01 |                               11
                 iSTATE0 |                               10 |                               10
                  iSTATE |                               11 |                               01
---------------------------------------------------------------------------------------------------
INFO: [Synth 8-3354] encoded FSM with state register 'buffer_count_reg' using encoding 'sequential' in module 'pixel_high_2_M_AXIS'
---------------------------------------------------------------------------------
Finished RTL Optimization Phase 2 : Time (s): cpu = 00:00:15 ; elapsed = 00:00:21 . Memory (MB): peak = 1147.258 ; gain = 400.539
---------------------------------------------------------------------------------

Report RTL Partitions: 
+-+--------------+------------+----------+
| |RTL Partition |Replication |Instances |
+-+--------------+------------+----------+
+-+--------------+------------+----------+
---------------------------------------------------------------------------------
Start RTL Component Statistics 
---------------------------------------------------------------------------------
Detailed RTL Component Info : 
+---Adders : 
	   2 Input     10 Bit       Adders := 1     
	   2 Input      4 Bit       Adders := 3     
	   3 Input      4 Bit       Adders := 1     
+---Registers : 
	              128 Bit    Registers := 2     
	               64 Bit    Registers := 1     
	               24 Bit    Registers := 2     
	               10 Bit    Registers := 1     
	                4 Bit    Registers := 3     
	                1 Bit    Registers := 7     
+---RAMs : 
	              256 Bit         RAMs := 1     
+---Muxes : 
	   4 Input    128 Bit        Muxes := 2     
	   2 Input    128 Bit        Muxes := 1     
	   2 Input     64 Bit        Muxes := 1     
	   4 Input     64 Bit        Muxes := 2     
	   2 Input     24 Bit        Muxes := 1     
	   4 Input     24 Bit        Muxes := 3     
	   3 Input      2 Bit        Muxes := 1     
	   2 Input      2 Bit        Muxes := 5     
	   4 Input      2 Bit        Muxes := 2     
	   2 Input      1 Bit        Muxes := 10    
	   3 Input      1 Bit        Muxes := 2     
	   4 Input      1 Bit        Muxes := 6     
---------------------------------------------------------------------------------
Finished RTL Component Statistics 
---------------------------------------------------------------------------------
---------------------------------------------------------------------------------
Start RTL Hierarchical Component Statistics 
---------------------------------------------------------------------------------
Hierarchical RTL Component report 
Module Upsampling_Bayes_S00_AXIS 
Detailed RTL Component Info : 
+---Adders : 
	   2 Input      4 Bit       Adders := 2     
	   3 Input      4 Bit       Adders := 1     
+---Registers : 
	                4 Bit    Registers := 2     
	                1 Bit    Registers := 2     
+---RAMs : 
	              256 Bit         RAMs := 1     
+---Muxes : 
	   2 Input      1 Bit        Muxes := 1     
Module Upsampling_Bayes_M00_AXIS 
Detailed RTL Component Info : 
+---Adders : 
	   2 Input     10 Bit       Adders := 1     
	   2 Input      4 Bit       Adders := 1     
+---Registers : 
	              128 Bit    Registers := 1     
	               10 Bit    Registers := 1     
	                4 Bit    Registers := 1     
	                1 Bit    Registers := 3     
+---Muxes : 
	   3 Input      2 Bit        Muxes := 1     
	   2 Input      2 Bit        Muxes := 3     
	   2 Input      1 Bit        Muxes := 3     
	   3 Input      1 Bit        Muxes := 2     
Module S_AXIS_2_pixel_low 
Detailed RTL Component Info : 
+---Registers : 
	               24 Bit    Registers := 2     
	                1 Bit    Registers := 1     
+---Muxes : 
	   2 Input     24 Bit        Muxes := 1     
	   4 Input     24 Bit        Muxes := 3     
	   4 Input      2 Bit        Muxes := 1     
	   2 Input      2 Bit        Muxes := 1     
	   2 Input      1 Bit        Muxes := 2     
	   4 Input      1 Bit        Muxes := 3     
Module pixel_high_2_M_AXIS 
Detailed RTL Component Info : 
+---Registers : 
	              128 Bit    Registers := 1     
	               64 Bit    Registers := 1     
	                1 Bit    Registers := 1     
+---Muxes : 
	   4 Input    128 Bit        Muxes := 2     
	   2 Input    128 Bit        Muxes := 1     
	   2 Input     64 Bit        Muxes := 1     
	   4 Input     64 Bit        Muxes := 2     
	   4 Input      2 Bit        Muxes := 1     
	   2 Input      2 Bit        Muxes := 1     
	   2 Input      1 Bit        Muxes := 4     
	   4 Input      1 Bit        Muxes := 3     
---------------------------------------------------------------------------------
Finished RTL Hierarchical Component Statistics
---------------------------------------------------------------------------------
---------------------------------------------------------------------------------
Start Part Resource Summary
---------------------------------------------------------------------------------
Part Resources:
DSPs: 220 (col length:60)
BRAMs: 280 (col length: RAMB18 60 RAMB36 30)
---------------------------------------------------------------------------------
Finished Part Resource Summary
---------------------------------------------------------------------------------
---------------------------------------------------------------------------------
Start Cross Boundary and Area Optimization
---------------------------------------------------------------------------------
Warning: Parallel synthesis criteria is not met 
WARNING: [Synth 8-3331] design pixel_high_2_M_AXIS has unconnected port pixel_in[96]
WARNING: [Synth 8-3331] design Super_Res has unconnected port clk
WARNING: [Synth 8-3331] design Super_Res has unconnected port rst_n
WARNING: [Synth 8-3331] design Upsampling_Bayes_S00_AXIS has unconnected port S_AXIS_TSTRB[3]
WARNING: [Synth 8-3331] design Upsampling_Bayes_S00_AXIS has unconnected port S_AXIS_TSTRB[2]
WARNING: [Synth 8-3331] design Upsampling_Bayes_S00_AXIS has unconnected port S_AXIS_TSTRB[1]
WARNING: [Synth 8-3331] design Upsampling_Bayes_S00_AXIS has unconnected port S_AXIS_TSTRB[0]
INFO: [Synth 8-3886] merging instance 'inst/Upsampling_Bayes_M00_AXIS_inst/tx_done_reg' (FDR) to 'inst/Upsampling_Bayes_M00_AXIS_inst/axis_tlast_delay_reg'
---------------------------------------------------------------------------------
Finished Cross Boundary and Area Optimization : Time (s): cpu = 00:00:18 ; elapsed = 00:00:24 . Memory (MB): peak = 1147.258 ; gain = 400.539
---------------------------------------------------------------------------------
---------------------------------------------------------------------------------
Start ROM, RAM, DSP and Shift Register Reporting
---------------------------------------------------------------------------------

Distributed RAM: Preliminary Mapping	Report (see note below)
+--------------------------------------+----------------------+-----------+----------------------+-------------+
|Module Name                           | RTL Object           | Inference | Size (Depth x Width) | Primitives  | 
+--------------------------------------+----------------------+-----------+----------------------+-------------+
|\inst/Upsampling_Bayes_S00_AXIS_inst  | stream_data_fifo_reg | Implied   | 8 x 32               | RAM32M x 6	 | 
+--------------------------------------+----------------------+-----------+----------------------+-------------+

Note: The table above is a preliminary report that shows the Distributed RAMs at the current stage of the synthesis flow. Some Distributed RAMs may be reimplemented as non Distributed RAM primitives later in the synthesis flow. Multiple instantiated RAMs are reported only once.
---------------------------------------------------------------------------------
Finished ROM, RAM, DSP and Shift Register Reporting
---------------------------------------------------------------------------------

Report RTL Partitions: 
+-+--------------+------------+----------+
| |RTL Partition |Replication |Instances |
+-+--------------+------------+----------+
+-+--------------+------------+----------+
---------------------------------------------------------------------------------
Start Applying XDC Timing Constraints
---------------------------------------------------------------------------------
---------------------------------------------------------------------------------
Finished Applying XDC Timing Constraints : Time (s): cpu = 00:00:27 ; elapsed = 00:00:36 . Memory (MB): peak = 1147.258 ; gain = 400.539
---------------------------------------------------------------------------------
---------------------------------------------------------------------------------
Start Timing Optimization
---------------------------------------------------------------------------------
---------------------------------------------------------------------------------
Finished Timing Optimization : Time (s): cpu = 00:00:27 ; elapsed = 00:00:36 . Memory (MB): peak = 1147.258 ; gain = 400.539
---------------------------------------------------------------------------------
---------------------------------------------------------------------------------
Start ROM, RAM, DSP and Shift Register Reporting
---------------------------------------------------------------------------------

Distributed RAM: Final Mapping	Report
+--------------------------------------+----------------------+-----------+----------------------+-------------+
|Module Name                           | RTL Object           | Inference | Size (Depth x Width) | Primitives  | 
+--------------------------------------+----------------------+-----------+----------------------+-------------+
|\inst/Upsampling_Bayes_S00_AXIS_inst  | stream_data_fifo_reg | Implied   | 8 x 32               | RAM32M x 6	 | 
+--------------------------------------+----------------------+-----------+----------------------+-------------+

---------------------------------------------------------------------------------
Finished ROM, RAM, DSP and Shift Register Reporting
---------------------------------------------------------------------------------

Report RTL Partitions: 
+-+--------------+------------+----------+
| |RTL Partition |Replication |Instances |
+-+--------------+------------+----------+
+-+--------------+------------+----------+
---------------------------------------------------------------------------------
Start Technology Mapping
---------------------------------------------------------------------------------
---------------------------------------------------------------------------------
Finished Technology Mapping : Time (s): cpu = 00:00:28 ; elapsed = 00:00:37 . Memory (MB): peak = 1158.621 ; gain = 411.902
---------------------------------------------------------------------------------

Report RTL Partitions: 
+-+--------------+------------+----------+
| |RTL Partition |Replication |Instances |
+-+--------------+------------+----------+
+-+--------------+------------+----------+
---------------------------------------------------------------------------------
Start IO Insertion
---------------------------------------------------------------------------------
---------------------------------------------------------------------------------
Start Flattening Before IO Insertion
---------------------------------------------------------------------------------
---------------------------------------------------------------------------------
Finished Flattening Before IO Insertion
---------------------------------------------------------------------------------
---------------------------------------------------------------------------------
Start Final Netlist Cleanup
---------------------------------------------------------------------------------
---------------------------------------------------------------------------------
Finished Final Netlist Cleanup
---------------------------------------------------------------------------------
INFO: [Synth 8-3295] tying undriven pin inst/sr_busy_inferred:in0 to constant 0
---------------------------------------------------------------------------------
Finished IO Insertion : Time (s): cpu = 00:00:33 ; elapsed = 00:00:43 . Memory (MB): peak = 1163.312 ; gain = 416.594
---------------------------------------------------------------------------------
---------------------------------------------------------------------------------
Start Renaming Generated Instances
---------------------------------------------------------------------------------
---------------------------------------------------------------------------------
Finished Renaming Generated Instances : Time (s): cpu = 00:00:33 ; elapsed = 00:00:43 . Memory (MB): peak = 1163.312 ; gain = 416.594
---------------------------------------------------------------------------------

Report RTL Partitions: 
+-+--------------+------------+----------+
| |RTL Partition |Replication |Instances |
+-+--------------+------------+----------+
+-+--------------+------------+----------+

Report Check Netlist: 
+------+------------------+-------+---------+-------+------------------+
|      |Item              |Errors |Warnings |Status |Description       |
+------+------------------+-------+---------+-------+------------------+
|1     |multi_driven_nets |      0|        0|Passed |Multi driven nets |
+------+------------------+-------+---------+-------+------------------+
---------------------------------------------------------------------------------
Start Rebuilding User Hierarchy
---------------------------------------------------------------------------------
---------------------------------------------------------------------------------
Finished Rebuilding User Hierarchy : Time (s): cpu = 00:00:33 ; elapsed = 00:00:43 . Memory (MB): peak = 1163.312 ; gain = 416.594
---------------------------------------------------------------------------------
---------------------------------------------------------------------------------
Start Renaming Generated Ports
---------------------------------------------------------------------------------
---------------------------------------------------------------------------------
Finished Renaming Generated Ports : Time (s): cpu = 00:00:33 ; elapsed = 00:00:43 . Memory (MB): peak = 1163.312 ; gain = 416.594
---------------------------------------------------------------------------------
---------------------------------------------------------------------------------
Start Handling Custom Attributes
---------------------------------------------------------------------------------
---------------------------------------------------------------------------------
Finished Handling Custom Attributes : Time (s): cpu = 00:00:33 ; elapsed = 00:00:43 . Memory (MB): peak = 1163.312 ; gain = 416.594
---------------------------------------------------------------------------------
---------------------------------------------------------------------------------
Start Renaming Generated Nets
---------------------------------------------------------------------------------
---------------------------------------------------------------------------------
Finished Renaming Generated Nets : Time (s): cpu = 00:00:33 ; elapsed = 00:00:43 . Memory (MB): peak = 1163.312 ; gain = 416.594
---------------------------------------------------------------------------------
---------------------------------------------------------------------------------
Start Writing Synthesis Report
---------------------------------------------------------------------------------

Report BlackBoxes: 
+-+--------------+----------+
| |BlackBox name |Instances |
+-+--------------+----------+
+-+--------------+----------+

Report Cell Usage: 
+------+-------+------+
|      |Cell   |Count |
+------+-------+------+
|1     |LUT1   |   109|
|2     |LUT2   |     6|
|3     |LUT3   |    79|
|4     |LUT4   |    25|
|5     |LUT5   |   129|
|6     |LUT6   |    20|
|7     |RAM32M |     6|
|8     |FDCE   |     6|
|9     |FDRE   |   396|
+------+-------+------+

Report Instance Areas: 
+------+-----------------------------------+--------------------------+------+
|      |Instance                           |Module                    |Cells |
+------+-----------------------------------+--------------------------+------+
|1     |top                                |                          |   776|
|2     |  inst                             |Upsampling_Bayes          |   776|
|3     |    Upsampling_Bayes_S00_AXIS_inst |Upsampling_Bayes_S00_AXIS |    35|
|4     |    Upsampling_Bayes_M00_AXIS_inst |Upsampling_Bayes_M00_AXIS |   175|
|5     |    S_AXIS_2_pixel_low_0           |S_AXIS_2_pixel_low        |   100|
|6     |    pixel_high_2_M_AXIS_0          |pixel_high_2_M_AXIS       |   365|
+------+-----------------------------------+--------------------------+------+
---------------------------------------------------------------------------------
Finished Writing Synthesis Report : Time (s): cpu = 00:00:33 ; elapsed = 00:00:43 . Memory (MB): peak = 1163.312 ; gain = 416.594
---------------------------------------------------------------------------------
Synthesis finished with 0 errors, 0 critical warnings and 7 warnings.
Synthesis Optimization Runtime : Time (s): cpu = 00:00:24 ; elapsed = 00:00:40 . Memory (MB): peak = 1163.312 ; gain = 308.395
Synthesis Optimization Complete : Time (s): cpu = 00:00:33 ; elapsed = 00:00:44 . Memory (MB): peak = 1163.312 ; gain = 416.594
INFO: [Project 1-571] Translating synthesized netlist
Netlist sorting complete. Time (s): cpu = 00:00:00 ; elapsed = 00:00:00.046 . Memory (MB): peak = 1176.336 ; gain = 0.000
INFO: [Netlist 29-17] Analyzing 6 Unisim elements for replacement
INFO: [Netlist 29-28] Unisim Transformation completed in 0 CPU seconds
INFO: [Project 1-570] Preparing netlist for logic optimization
INFO: [Opt 31-138] Pushed 0 inverter(s) to 0 load pin(s).
Netlist sorting complete. Time (s): cpu = 00:00:00 ; elapsed = 00:00:00.001 . Memory (MB): peak = 1182.223 ; gain = 0.000
INFO: [Project 1-111] Unisim Transformation Summary:
  A total of 6 instances were transformed.
  RAM32M => RAM32M (RAMD32(x6), RAMS32(x2)): 6 instances

INFO: [Common 17-83] Releasing license: Synthesis
51 Infos, 20 Warnings, 0 Critical Warnings and 0 Errors encountered.
synth_design completed successfully
synth_design: Time (s): cpu = 00:00:41 ; elapsed = 00:00:54 . Memory (MB): peak = 1182.223 ; gain = 730.602
Netlist sorting complete. Time (s): cpu = 00:00:00 ; elapsed = 00:00:00 . Memory (MB): peak = 1182.223 ; gain = 0.000
WARNING: [Constraints 18-5210] No constraints selected for write.
Resolution: This message can indicate that there are no constraints for the design, or it can indicate that the used_in flags are set such that the constraints are ignored. This later case is used when running synth_design to not write synthesis constraints to the resulting checkpoint. Instead, project constraints are read when the synthesized design is opened.
INFO: [Common 17-1381] The checkpoint 'E:/Code/4K-Upsampling-System-on-Zynq/vivado/vivado.runs/design_1_Upsampling_Bayes_0_0_synth_1/design_1_Upsampling_Bayes_0_0.dcp' has been generated.
WARNING: [Common 17-576] 'use_project_ipc' is deprecated. This option is deprecated and no longer used.
INFO: [Coretcl 2-1648] Added synthesis output to IP cache for IP design_1_Upsampling_Bayes_0_0, cache-ID = 832f84d62717eb8b
INFO: [Coretcl 2-1174] Renamed 5 cell refs.
Netlist sorting complete. Time (s): cpu = 00:00:00 ; elapsed = 00:00:00 . Memory (MB): peak = 1182.223 ; gain = 0.000
WARNING: [Constraints 18-5210] No constraints selected for write.
Resolution: This message can indicate that there are no constraints for the design, or it can indicate that the used_in flags are set such that the constraints are ignored. This later case is used when running synth_design to not write synthesis constraints to the resulting checkpoint. Instead, project constraints are read when the synthesized design is opened.
INFO: [Common 17-1381] The checkpoint 'E:/Code/4K-Upsampling-System-on-Zynq/vivado/vivado.runs/design_1_Upsampling_Bayes_0_0_synth_1/design_1_Upsampling_Bayes_0_0.dcp' has been generated.
INFO: [runtcl-4] Executing : report_utilization -file design_1_Upsampling_Bayes_0_0_utilization_synth.rpt -pb design_1_Upsampling_Bayes_0_0_utilization_synth.pb
INFO: [Common 17-206] Exiting Vivado at Fri May 13 20:49:26 2022...
