Copyright 1986-2019 Xilinx, Inc. All Rights Reserved.
------------------------------------------------------------------------------------
| Tool Version : Vivado v.2019.2 (win64) Build 2708876 Wed Nov  6 21:40:23 MST 2019
| Date         : Sun May  1 22:01:51 2022
| Host         : DESKTOP-9HE5DLC running 64-bit major release  (build 9200)
| Command      : upgrade_ip
| Device       : xc7z020clg400-1
------------------------------------------------------------------------------------

Upgrade Log for IP 'design_1_Upsampling_Bayes_0_0'

1. Summary
----------

SUCCESS in the upgrade of design_1_Upsampling_Bayes_0_0 (xilinx.com:user:Upsampling_Bayes:1.0) from (Rev. 9) to (Rev. 11)






Copyright 1986-2019 Xilinx, Inc. All Rights Reserved.
------------------------------------------------------------------------------------
| Tool Version : Vivado v.2019.2 (win64) Build 2708876 Wed Nov  6 21:40:23 MST 2019
| Date         : Sun May  1 20:01:06 2022
| Host         : DESKTOP-9HE5DLC running 64-bit major release  (build 9200)
| Command      : upgrade_ip
| Device       : xc7z020clg400-1
------------------------------------------------------------------------------------

Upgrade Log for IP 'design_1_Upsampling_Bayes_0_0'

1. Summary
----------

SUCCESS in the upgrade of design_1_Upsampling_Bayes_0_0 (xilinx.com:user:Upsampling_Bayes:1.0) from (Rev. 8) to (Rev. 9)






Copyright 1986-2019 Xilinx, Inc. All Rights Reserved.
------------------------------------------------------------------------------------
| Tool Version : Vivado v.2019.2 (win64) Build 2708876 Wed Nov  6 21:40:23 MST 2019
| Date         : Sun May  1 18:26:43 2022
| Host         : DESKTOP-9HE5DLC running 64-bit major release  (build 9200)
| Command      : upgrade_ip
| Device       : xc7z020clg400-1
------------------------------------------------------------------------------------

Upgrade Log for IP 'design_1_Upsampling_Bayes_0_0'

1. Summary
----------

SUCCESS in the conversion of design_1_Upsampling_Bayes_0_0 (xilinx.com:user:Upsampling_Bayes:1.0 (Rev. 8)) to Vivado generation flows.






Copyright 1986-2019 Xilinx, Inc. All Rights Reserved.
------------------------------------------------------------------------------------
| Tool Version : Vivado v.2019.2 (win64) Build 2708876 Wed Nov  6 21:40:23 MST 2019
| Date         : Sun May  1 17:00:38 2022
| Host         : DESKTOP-9HE5DLC running 64-bit major release  (build 9200)
| Command      : upgrade_ip
| Device       : xc7z020clg400-1
------------------------------------------------------------------------------------

Upgrade Log for IP 'design_1_Upsampling_Bayes_0_0'

1. Summary
----------

SUCCESS in the upgrade of design_1_Upsampling_Bayes_0_0 (xilinx.com:user:Upsampling_Bayes:1.0) from (Rev. 7) to (Rev. 8)






Copyright 1986-2019 Xilinx, Inc. All Rights Reserved.
------------------------------------------------------------------------------------
| Tool Version : Vivado v.2019.2 (win64) Build 2708876 Wed Nov  6 21:40:23 MST 2019
| Date         : Sun May  1 16:34:17 2022
| Host         : DESKTOP-9HE5DLC running 64-bit major release  (build 9200)
| Command      : upgrade_ip
| Device       : xc7z020clg400-1
------------------------------------------------------------------------------------

Upgrade Log for IP 'design_1_Upsampling_Bayes_0_0'

1. Summary
----------

SUCCESS in the upgrade of design_1_Upsampling_Bayes_0_0 (xilinx.com:user:Upsampling_Bayes:1.0) from (Rev. 6) to (Rev. 7)






Copyright 1986-2019 Xilinx, Inc. All Rights Reserved.
------------------------------------------------------------------------------------
| Tool Version : Vivado v.2019.2 (win64) Build 2708876 Wed Nov  6 21:40:23 MST 2019
| Date         : Sat Apr 30 20:56:31 2022
| Host         : DESKTOP-9HE5DLC running 64-bit major release  (build 9200)
| Command      : upgrade_ip
| Device       : xc7z020clg400-1
------------------------------------------------------------------------------------

Upgrade Log for IP 'design_1_Upsampling_Bayes_0_0'

1. Summary
----------

SUCCESS in the upgrade of design_1_Upsampling_Bayes_0_0 (xilinx.com:user:Upsampling_Bayes:1.0) from (Rev. 5) to (Rev. 6)






Copyright 1986-2019 Xilinx, Inc. All Rights Reserved.
------------------------------------------------------------------------------------
| Tool Version : Vivado v.2019.2 (win64) Build 2708876 Wed Nov  6 21:40:23 MST 2019
| Date         : Sat Apr 30 20:31:01 2022
| Host         : DESKTOP-9HE5DLC running 64-bit major release  (build 9200)
| Command      : upgrade_ip
| Device       : xc7z020clg400-1
------------------------------------------------------------------------------------

Upgrade Log for IP 'design_1_Upsampling_Bayes_0_0'

1. Summary
----------

SUCCESS in the upgrade of design_1_Upsampling_Bayes_0_0 (xilinx.com:user:Upsampling_Bayes:1.0) from (Rev. 3) to (Rev. 5)






Copyright 1986-2019 Xilinx, Inc. All Rights Reserved.
------------------------------------------------------------------------------------
| Tool Version : Vivado v.2019.2 (win64) Build 2708876 Wed Nov  6 21:40:23 MST 2019
| Date         : Sat Apr 30 16:40:51 2022
| Host         : DESKTOP-9HE5DLC running 64-bit major release  (build 9200)
| Command      : upgrade_ip
| Device       : xc7z020clg400-1
------------------------------------------------------------------------------------

Upgrade Log for IP 'design_1_Upsampling_Bayes_0_1'

1. Summary
----------

SUCCESS in the upgrade of design_1_Upsampling_Bayes_0_1 (xilinx.com:user:Upsampling_Bayes:1.0) from (Rev. 1) to (Rev. 2)

