#-----------------------------------------------------------
# Vivado v2019.2 (64-bit)
# SW Build 2708876 on Wed Nov  6 21:40:23 MST 2019
# IP Build 2700528 on Thu Nov  7 00:09:20 MST 2019
# Start of session at: Tue Apr 12 15:10:05 2022
# Process ID: 8300
# Current directory: E:/Code/4K-Upsampling-System-on-Zynq/vivado
# Command line: vivado.exe -gui_launcher_event rodinguilauncherevent8072 E:\Code\4K-Upsampling-System-on-Zynq\vivado\vivado.xpr
# Log file: E:/Code/4K-Upsampling-System-on-Zynq/vivado/vivado.log
# Journal file: E:/Code/4K-Upsampling-System-on-Zynq/vivado\vivado.jou
#-----------------------------------------------------------
start_gui
open_project E:/Code/4K-Upsampling-System-on-Zynq/vivado/vivado.xpr
Scanning sources...
Finished scanning sources
WARNING: [filemgmt 56-3] IP Repository Path: Could not find the directory 'E:/Code/4K-Upsampling-System-on-Zynq/ip_repo/Upsampling_Bayes_1.0'.
INFO: [IP_Flow 19-234] Refreshing IP repositories
WARNING: [IP_Flow 19-2248] Failed to load user IP repository 'e:/Code/4K-Upsampling-System-on-Zynq/ip_repo/Upsampling_Bayes_1.0'; Can't find the specified path.
If this directory should no longer be in your list of user repositories, go to the IP Settings dialog and remove it.
INFO: [IP_Flow 19-1700] Loaded user IP repository 'e:/Code/4K-Upsampling-System-on-Zynq/src/ip_repo'.
INFO: [IP_Flow 19-2313] Loaded Vivado IP repository 'C:/Xilinx/Vivado/2019.2/data/ip'.
open_project: Time (s): cpu = 00:00:15 ; elapsed = 00:00:09 . Memory (MB): peak = 971.312 ; gain = 305.844
update_compile_order -fileset sources_1
make_wrapper -files [get_files E:/Code/4K-Upsampling-System-on-Zynq/vivado/vivado.srcs/sources_1/bd/design_1/design_1.bd] -top
WARNING: [BD 41-1282] Ignoring parameter HAS_BURST
WARNING: [BD 41-1281] Parameter HAS_BURST is not defined on /axi_dma_0/M_AXIS_MM2S. Setting parameter on /axi_dma_0/M_AXIS_MM2S failed
WARNING: [BD 41-176] The physical port 'S_AXI_GP2_rd_socket' specified in the portmap, is not found on the block! 
WARNING: [BD 41-176] The physical port 'S_AXI_GP2_wr_socket' specified in the portmap, is not found on the block! 
WARNING: [BD 41-176] The physical port 'S_AXI_GP3_rd_socket' specified in the portmap, is not found on the block! 
WARNING: [BD 41-176] The physical port 'S_AXI_GP3_wr_socket' specified in the portmap, is not found on the block! 
WARNING: [BD 41-1731] Type mismatch between connected pins: /axi_dynclk_0/LOCKED_O(undef) and /rgb2dvi_0/aRst_n(rst)
INFO: [xilinx.com:ip:axi_vdma:6.3-16] /axi_vdma_1 
                    All clocks connected to AXI VDMA are not identical, therefore configuring AXI-VDMA in ASYNC mode.
Wrote  : <E:\Code\4K-Upsampling-System-on-Zynq\vivado\vivado.srcs\sources_1\bd\design_1\design_1.bd> 
WARNING: [BD 41-235] Width mismatch when connecting pin: '/axi_mem_intercon/m00_couplers/auto_pc/m_axi_rid'(2) to net 'auto_pc_to_m00_couplers_RID'(6) - Only lower order bits will be connected.
WARNING: [BD 41-235] Width mismatch when connecting pin: '/axi_mem_intercon/m00_couplers/auto_pc/m_axi_bid'(2) to net 'auto_pc_to_m00_couplers_BID'(6) - Only lower order bits will be connected.
WARNING: [BD 41-235] Width mismatch when connecting pin: '/processing_system7_0/S_AXI_HP0_AWID'(6) to net 'axi_mem_intercon_M00_AXI_AWID'(2) - Only lower order bits will be connected.
WARNING: [BD 41-235] Width mismatch when connecting pin: '/processing_system7_0/S_AXI_HP0_ARID'(6) to net 'axi_mem_intercon_M00_AXI_ARID'(2) - Only lower order bits will be connected.
WARNING: [BD 41-235] Width mismatch when connecting pin: '/processing_system7_0/S_AXI_HP0_WID'(6) to net 'axi_mem_intercon_M00_AXI_WID'(2) - Only lower order bits will be connected.
VHDL Output written to : E:/Code/4K-Upsampling-System-on-Zynq/vivado/vivado.srcs/sources_1/bd/design_1/synth/design_1.v
WARNING: [BD 41-235] Width mismatch when connecting pin: '/axi_mem_intercon/m00_couplers/auto_pc/m_axi_rid'(2) to net 'auto_pc_to_m00_couplers_RID'(6) - Only lower order bits will be connected.
WARNING: [BD 41-235] Width mismatch when connecting pin: '/axi_mem_intercon/m00_couplers/auto_pc/m_axi_bid'(2) to net 'auto_pc_to_m00_couplers_BID'(6) - Only lower order bits will be connected.
WARNING: [BD 41-235] Width mismatch when connecting pin: '/processing_system7_0/S_AXI_HP0_AWID'(6) to net 'axi_mem_intercon_M00_AXI_AWID'(2) - Only lower order bits will be connected.
WARNING: [BD 41-235] Width mismatch when connecting pin: '/processing_system7_0/S_AXI_HP0_ARID'(6) to net 'axi_mem_intercon_M00_AXI_ARID'(2) - Only lower order bits will be connected.
WARNING: [BD 41-235] Width mismatch when connecting pin: '/processing_system7_0/S_AXI_HP0_WID'(6) to net 'axi_mem_intercon_M00_AXI_WID'(2) - Only lower order bits will be connected.
VHDL Output written to : E:/Code/4K-Upsampling-System-on-Zynq/vivado/vivado.srcs/sources_1/bd/design_1/sim/design_1.v
VHDL Output written to : E:/Code/4K-Upsampling-System-on-Zynq/vivado/vivado.srcs/sources_1/bd/design_1/hdl/design_1_wrapper.v
make_wrapper: Time (s): cpu = 00:00:19 ; elapsed = 00:00:15 . Memory (MB): peak = 1623.719 ; gain = 17.848
add_files -norecurse E:/Code/4K-Upsampling-System-on-Zynq/vivado/vivado.srcs/sources_1/bd/design_1/hdl/design_1_wrapper.v
add_files -fileset constrs_1 -norecurse E:/Code/4K-Upsampling-System-on-Zynq/src/constrain/upsampling.xdc
reset_run synth_1
launch_runs impl_1 -to_step write_bitstream -jobs 8
WARNING: [BD 41-176] The physical port 'S_AXI_GP2_rd_socket' specified in the portmap, is not found on the block! 
WARNING: [BD 41-176] The physical port 'S_AXI_GP2_wr_socket' specified in the portmap, is not found on the block! 
WARNING: [BD 41-176] The physical port 'S_AXI_GP3_rd_socket' specified in the portmap, is not found on the block! 
WARNING: [BD 41-176] The physical port 'S_AXI_GP3_wr_socket' specified in the portmap, is not found on the block! 
WARNING: [BD 41-1731] Type mismatch between connected pins: /axi_dynclk_0/LOCKED_O(undef) and /rgb2dvi_0/aRst_n(rst)
INFO: [BD 41-1662] The design 'design_1.bd' is already validated. Therefore parameter propagation will not be re-run.
WARNING: [BD 41-235] Width mismatch when connecting pin: '/axi_mem_intercon/m00_couplers/auto_pc/m_axi_rid'(2) to net 'auto_pc_to_m00_couplers_RID'(6) - Only lower order bits will be connected.
WARNING: [BD 41-235] Width mismatch when connecting pin: '/axi_mem_intercon/m00_couplers/auto_pc/m_axi_bid'(2) to net 'auto_pc_to_m00_couplers_BID'(6) - Only lower order bits will be connected.
WARNING: [BD 41-235] Width mismatch when connecting pin: '/processing_system7_0/S_AXI_HP0_AWID'(6) to net 'axi_mem_intercon_M00_AXI_AWID'(2) - Only lower order bits will be connected.
WARNING: [BD 41-235] Width mismatch when connecting pin: '/processing_system7_0/S_AXI_HP0_ARID'(6) to net 'axi_mem_intercon_M00_AXI_ARID'(2) - Only lower order bits will be connected.
WARNING: [BD 41-235] Width mismatch when connecting pin: '/processing_system7_0/S_AXI_HP0_WID'(6) to net 'axi_mem_intercon_M00_AXI_WID'(2) - Only lower order bits will be connected.
VHDL Output written to : E:/Code/4K-Upsampling-System-on-Zynq/vivado/vivado.srcs/sources_1/bd/design_1/synth/design_1.v
WARNING: [BD 41-235] Width mismatch when connecting pin: '/axi_mem_intercon/m00_couplers/auto_pc/m_axi_rid'(2) to net 'auto_pc_to_m00_couplers_RID'(6) - Only lower order bits will be connected.
WARNING: [BD 41-235] Width mismatch when connecting pin: '/axi_mem_intercon/m00_couplers/auto_pc/m_axi_bid'(2) to net 'auto_pc_to_m00_couplers_BID'(6) - Only lower order bits will be connected.
WARNING: [BD 41-235] Width mismatch when connecting pin: '/processing_system7_0/S_AXI_HP0_AWID'(6) to net 'axi_mem_intercon_M00_AXI_AWID'(2) - Only lower order bits will be connected.
WARNING: [BD 41-235] Width mismatch when connecting pin: '/processing_system7_0/S_AXI_HP0_ARID'(6) to net 'axi_mem_intercon_M00_AXI_ARID'(2) - Only lower order bits will be connected.
WARNING: [BD 41-235] Width mismatch when connecting pin: '/processing_system7_0/S_AXI_HP0_WID'(6) to net 'axi_mem_intercon_M00_AXI_WID'(2) - Only lower order bits will be connected.
VHDL Output written to : E:/Code/4K-Upsampling-System-on-Zynq/vivado/vivado.srcs/sources_1/bd/design_1/sim/design_1.v
VHDL Output written to : E:/Code/4K-Upsampling-System-on-Zynq/vivado/vivado.srcs/sources_1/bd/design_1/hdl/design_1_wrapper.v
INFO: [BD 41-1029] Generation completed for the IP Integrator block axi_dma_0 .
INFO: [BD 41-1029] Generation completed for the IP Integrator block Upsampling_Bayes_0 .
INFO: [BD 41-1029] Generation completed for the IP Integrator block xlconcat_0 .
INFO: [BD 41-1029] Generation completed for the IP Integrator block ps7_0_axi_periph/xbar .
INFO: [BD 41-1029] Generation completed for the IP Integrator block axi_vdma_1 .
INFO: [BD 41-1029] Generation completed for the IP Integrator block v_tc_0 .
INFO: [BD 41-1029] Generation completed for the IP Integrator block v_axi4s_vid_out_0 .
INFO: [BD 41-1029] Generation completed for the IP Integrator block axi_dynclk_0 .
INFO: [BD 41-1029] Generation completed for the IP Integrator block rgb2dvi_0 .
INFO: [BD 41-1029] Generation completed for the IP Integrator block rst_ps7_0_142M .
INFO: [BD 41-1029] Generation completed for the IP Integrator block rst_ps7_0_100M .
INFO: [BD 41-1029] Generation completed for the IP Integrator block axi_mem_intercon/xbar .
INFO: [BD 41-1029] Generation completed for the IP Integrator block processing_system7_0 .
WARNING: [IP_Flow 19-4994] Overwriting existing constraint file 'e:/Code/4K-Upsampling-System-on-Zynq/vivado/vivado.srcs/sources_1/bd/design_1/ip/design_1_auto_pc_0/design_1_auto_pc_0_ooc.xdc'
INFO: [BD 41-1029] Generation completed for the IP Integrator block ps7_0_axi_periph/s00_couplers/auto_pc .
WARNING: [IP_Flow 19-4994] Overwriting existing constraint file 'e:/Code/4K-Upsampling-System-on-Zynq/vivado/vivado.srcs/sources_1/bd/design_1/ip/design_1_auto_us_0/design_1_auto_us_0_ooc.xdc'
INFO: [BD 41-1029] Generation completed for the IP Integrator block axi_mem_intercon/s01_couplers/auto_us .
WARNING: [IP_Flow 19-4994] Overwriting existing constraint file 'e:/Code/4K-Upsampling-System-on-Zynq/vivado/vivado.srcs/sources_1/bd/design_1/ip/design_1_auto_cc_0/design_1_auto_cc_0_ooc.xdc'
INFO: [BD 41-1029] Generation completed for the IP Integrator block axi_mem_intercon/s01_couplers/auto_cc .
WARNING: [IP_Flow 19-4994] Overwriting existing constraint file 'e:/Code/4K-Upsampling-System-on-Zynq/vivado/vivado.srcs/sources_1/bd/design_1/ip/design_1_auto_us_1/design_1_auto_us_1_ooc.xdc'
INFO: [BD 41-1029] Generation completed for the IP Integrator block axi_mem_intercon/s02_couplers/auto_us .
WARNING: [IP_Flow 19-4994] Overwriting existing constraint file 'e:/Code/4K-Upsampling-System-on-Zynq/vivado/vivado.srcs/sources_1/bd/design_1/ip/design_1_auto_cc_1/design_1_auto_cc_1_ooc.xdc'
INFO: [BD 41-1029] Generation completed for the IP Integrator block axi_mem_intercon/s02_couplers/auto_cc .
WARNING: [IP_Flow 19-4994] Overwriting existing constraint file 'e:/Code/4K-Upsampling-System-on-Zynq/vivado/vivado.srcs/sources_1/bd/design_1/ip/design_1_auto_us_2/design_1_auto_us_2_ooc.xdc'
INFO: [BD 41-1029] Generation completed for the IP Integrator block axi_mem_intercon/s03_couplers/auto_us .
WARNING: [IP_Flow 19-4994] Overwriting existing constraint file 'e:/Code/4K-Upsampling-System-on-Zynq/vivado/vivado.srcs/sources_1/bd/design_1/ip/design_1_auto_cc_2/design_1_auto_cc_2_ooc.xdc'
INFO: [BD 41-1029] Generation completed for the IP Integrator block axi_mem_intercon/s03_couplers/auto_cc .
WARNING: [IP_Flow 19-4994] Overwriting existing constraint file 'e:/Code/4K-Upsampling-System-on-Zynq/vivado/vivado.srcs/sources_1/bd/design_1/ip/design_1_auto_pc_1/design_1_auto_pc_1_ooc.xdc'
INFO: [BD 41-1029] Generation completed for the IP Integrator block axi_mem_intercon/m00_couplers/auto_pc .
Exporting to file E:/Code/4K-Upsampling-System-on-Zynq/vivado/vivado.srcs/sources_1/bd/design_1/hw_handoff/design_1.hwh
Generated Block Design Tcl file E:/Code/4K-Upsampling-System-on-Zynq/vivado/vivado.srcs/sources_1/bd/design_1/hw_handoff/design_1_bd.tcl
Generated Hardware Definition File E:/Code/4K-Upsampling-System-on-Zynq/vivado/vivado.srcs/sources_1/bd/design_1/synth/design_1.hwdef
INFO: [IP_Flow 19-4993] Using cached IP synthesis design for IP design_1_auto_cc_0, cache-ID = 0ce52bd6632dcc9e; cache size = 29.265 MB.
INFO: [IP_Flow 19-4993] Using cached IP synthesis design for IP design_1_auto_cc_1, cache-ID = c609a7f063613590; cache size = 29.265 MB.
INFO: [IP_Flow 19-4993] Using cached IP synthesis design for IP design_1_auto_cc_2, cache-ID = b87120a06ebd4de1; cache size = 29.265 MB.
INFO: [IP_Flow 19-4993] Using cached IP synthesis design for IP design_1_auto_pc_0, cache-ID = 9c6fd2f60aa25bc1; cache size = 29.265 MB.
INFO: [IP_Flow 19-4993] Using cached IP synthesis design for IP design_1_auto_pc_1, cache-ID = 2145a513d991a7ce; cache size = 29.265 MB.
INFO: [IP_Flow 19-4993] Using cached IP synthesis design for IP design_1_auto_us_0, cache-ID = 6b1e0cac19e84d1a; cache size = 29.265 MB.
INFO: [IP_Flow 19-4993] Using cached IP synthesis design for IP design_1_auto_us_1, cache-ID = 8d741099c6b7b707; cache size = 29.265 MB.
INFO: [IP_Flow 19-4993] Using cached IP synthesis design for IP design_1_auto_us_2, cache-ID = f0dca98d299c5189; cache size = 29.265 MB.
INFO: [IP_Flow 19-5642] Done with IP cache export for multiple IPs
[Tue Apr 12 15:13:35 2022] Launched synth_1...
Run output will be captured here: E:/Code/4K-Upsampling-System-on-Zynq/vivado/vivado.runs/synth_1/runme.log
[Tue Apr 12 15:13:35 2022] Launched impl_1...
Run output will be captured here: E:/Code/4K-Upsampling-System-on-Zynq/vivado/vivado.runs/impl_1/runme.log
launch_runs: Time (s): cpu = 00:00:07 ; elapsed = 00:00:09 . Memory (MB): peak = 1623.719 ; gain = 0.000
open_run impl_1
INFO: [Device 21-403] Loading part xc7z020clg400-1
Netlist sorting complete. Time (s): cpu = 00:00:01 ; elapsed = 00:00:00.622 . Memory (MB): peak = 1623.719 ; gain = 0.000
INFO: [Netlist 29-17] Analyzing 447 Unisim elements for replacement
INFO: [Netlist 29-28] Unisim Transformation completed in 0 CPU seconds
INFO: [Project 1-479] Netlist was created with Vivado 2019.2
INFO: [Project 1-570] Preparing netlist for logic optimization
INFO: [Timing 38-478] Restoring timing data from binary archive.
INFO: [Timing 38-479] Binary timing data restore complete.
INFO: [Project 1-856] Restoring constraints from binary archive.
INFO: [Project 1-853] Binary constraint restore complete.
Reading XDEF placement.
Reading placer database...
Reading XDEF routing.
Read XDEF File: Time (s): cpu = 00:00:02 ; elapsed = 00:00:02 . Memory (MB): peak = 2261.641 ; gain = 5.293
Restored from archive | CPU: 2.000000 secs | Memory: 0.000000 MB |
Finished XDEF File Restore: Time (s): cpu = 00:00:02 ; elapsed = 00:00:02 . Memory (MB): peak = 2261.641 ; gain = 5.293
Netlist sorting complete. Time (s): cpu = 00:00:00 ; elapsed = 00:00:00.010 . Memory (MB): peak = 2261.727 ; gain = 0.000
INFO: [Project 1-111] Unisim Transformation Summary:
  A total of 109 instances were transformed.
  IOBUF => IOBUF (IBUF, OBUFT): 2 instances
  RAM32M => RAM32M (RAMD32(x6), RAMS32(x2)): 100 instances
  RAM32X1D => RAM32X1D (RAMD32(x2)): 1 instance 
  SRLC32E => SRL16E: 6 instances

open_run: Time (s): cpu = 00:00:27 ; elapsed = 00:00:22 . Memory (MB): peak = 2405.465 ; gain = 781.746
open_report: Time (s): cpu = 00:00:16 ; elapsed = 00:00:12 . Memory (MB): peak = 2462.293 ; gain = 56.828
WARNING: [Timing 38-436] There are set_bus_skew constraint(s) in this design. Please run report_bus_skew to ensure that bus skew requirements are met.
report_utilization -name utilization_1
report_utilization: Time (s): cpu = 00:00:11 ; elapsed = 00:00:05 . Memory (MB): peak = 2508.488 ; gain = 40.273
write_hw_platform -fixed -force  -include_bit -file E:/Code/4K-Upsampling-System-on-Zynq/vitis/design_1_wrapper.xsa
INFO: [Vivado 12-4895] Creating Hardware Platform: E:/Code/4K-Upsampling-System-on-Zynq/vitis/design_1_wrapper.xsa ...
INFO: [Hsi 55-2053] elapsed time for repository (C:/Xilinx/Vivado/2019.2/data\embeddedsw) loading 0 seconds
WARNING: [Project 1-645] Board images not set in Hardware Platform.
INFO: [Vivado 12-4896] Successfully created Hardware Platform: E:/Code/4K-Upsampling-System-on-Zynq/vitis/design_1_wrapper.xsa
write_hw_platform: Time (s): cpu = 00:00:11 ; elapsed = 00:00:10 . Memory (MB): peak = 2586.523 ; gain = 71.844
INFO: [Vivado 12-8231] Launching Vitis
INFO: [Vivado 12-417] Running vitis
INFO: [Vivado 12-8232] Vitis launch initiated. Please check console for any further messages.
open_bd_design {E:/Code/4K-Upsampling-System-on-Zynq/vivado/vivado.srcs/sources_1/bd/design_1/design_1.bd}
Adding component instance block -- xilinx.com:ip:xlconcat:2.1 - xlconcat_0
Adding component instance block -- xilinx.com:ip:axi_vdma:6.3 - axi_vdma_1
Adding component instance block -- xilinx.com:ip:v_tc:6.2 - v_tc_0
Adding component instance block -- xilinx.com:ip:v_axi4s_vid_out:4.0 - v_axi4s_vid_out_0
Adding component instance block -- digilentinc.com:ip:axi_dynclk:1.0 - axi_dynclk_0
Adding component instance block -- digilentinc.com:ip:rgb2dvi:1.3 - rgb2dvi_0
Adding component instance block -- xilinx.com:ip:proc_sys_reset:5.0 - rst_ps7_0_142M
Adding component instance block -- xilinx.com:ip:axi_interconnect:2.1 - ps7_0_axi_periph
Adding component instance block -- xilinx.com:ip:axi_crossbar:2.1 - xbar
Adding component instance block -- xilinx.com:ip:axi_protocol_converter:2.1 - auto_pc
Adding component instance block -- xilinx.com:ip:axi_dma:7.1 - axi_dma_0
Adding component instance block -- xilinx.com:ip:proc_sys_reset:5.0 - rst_ps7_0_100M
Adding component instance block -- xilinx.com:ip:axi_interconnect:2.1 - axi_mem_intercon
Adding component instance block -- xilinx.com:ip:axi_crossbar:2.1 - xbar
Adding component instance block -- xilinx.com:ip:axi_dwidth_converter:2.1 - auto_us
Adding component instance block -- xilinx.com:ip:axi_clock_converter:2.1 - auto_cc
Adding component instance block -- xilinx.com:ip:axi_dwidth_converter:2.1 - auto_us
Adding component instance block -- xilinx.com:ip:axi_clock_converter:2.1 - auto_cc
Adding component instance block -- xilinx.com:ip:axi_dwidth_converter:2.1 - auto_us
Adding component instance block -- xilinx.com:ip:axi_clock_converter:2.1 - auto_cc
Adding component instance block -- xilinx.com:ip:axi_protocol_converter:2.1 - auto_pc
Adding component instance block -- xilinx.com:user:Upsampling_Bayes:1.0 - Upsampling_Bayes_0
Adding component instance block -- xilinx.com:ip:processing_system7:5.5 - processing_system7_0
WARNING: [BD 41-176] The physical port 'S_AXI_GP2_rd_socket' specified in the portmap, is not found on the block! 
WARNING: [BD 41-176] The physical port 'S_AXI_GP2_wr_socket' specified in the portmap, is not found on the block! 
WARNING: [BD 41-176] The physical port 'S_AXI_GP3_rd_socket' specified in the portmap, is not found on the block! 
WARNING: [BD 41-176] The physical port 'S_AXI_GP3_wr_socket' specified in the portmap, is not found on the block! 
WARNING: [BD 41-1731] Type mismatch between connected pins: /axi_dynclk_0/LOCKED_O(undef) and /rgb2dvi_0/aRst_n(rst)
Successfully read diagram <design_1> from BD file <E:/Code/4K-Upsampling-System-on-Zynq/vivado/vivado.srcs/sources_1/bd/design_1/design_1.bd>
open_bd_design: Time (s): cpu = 00:00:08 ; elapsed = 00:00:06 . Memory (MB): peak = 2601.703 ; gain = 10.309
startgroup
set_property -dict [list CONFIG.c_include_sg {0}] [get_bd_cells axi_dma_0]
WARNING: [BD 41-1684] Pin /axi_dma_0/m_axi_sg_aclk is now disabled. All connections to this pin have been removed. 
delete_bd_objs [get_bd_intf_nets axi_dma_0_M_AXI_SG]
endgroup
regenerate_bd_layout
delete_bd_objs [get_bd_nets rst_ps7_0_142M_peripheral_aresetn] [get_bd_intf_nets axi_vdma_1_M_AXI_MM2S] [get_bd_intf_nets axi_mem_intercon_M00_AXI] [get_bd_intf_nets axi_dma_0_M_AXI_MM2S] [get_bd_intf_nets axi_dma_0_M_AXI_S2MM] [get_bd_cells axi_mem_intercon]
apply_bd_automation -rule xilinx.com:bd_rule:axi4 -config { Clk_master {/processing_system7_0/FCLK_CLK1 (142 MHz)} Clk_slave {/processing_system7_0/FCLK_CLK1 (142 MHz)} Clk_xbar {/processing_system7_0/FCLK_CLK1 (142 MHz)} Master {/axi_vdma_1/M_AXI_MM2S} Slave {/processing_system7_0/S_AXI_HP0} ddr_seg {Auto} intc_ip {New AXI Interconnect} master_apm {0}}  [get_bd_intf_pins processing_system7_0/S_AXI_HP0]
regenerate_bd_layout
undo
INFO: [Common 17-17] undo 'regenerate_bd_layout'
undo
INFO: [Common 17-17] undo 'apply_bd_automation -rule xilinx.com:bd_rule:axi4 -config { Clk_master {/processing_system7_0/FCLK_CLK1 (142 MHz)} Clk_slave {/processing_system7_0/FCLK_CLK1 (142 MHz)} Clk_xbar {/processing_system7_0/FCLK_CLK1 (142 MHz)} Master {/axi_vdma_1/M_AXI_MM2S} Slave {/processing_system7_0/S_AXI_HP0} ddr_seg {Auto} intc_ip {New AXI Interconnect} master_apm {0}}  [get_bd_intf_pins processing_system7_0/S_AXI_HP0]'
undo
INFO: [Common 17-17] undo 'delete_bd_objs [get_bd_nets rst_ps7_0_142M_peripheral_aresetn] [get_bd_intf_nets axi_vdma_1_M_AXI_MM2S] [get_bd_intf_nets axi_mem_intercon_M00_AXI] [get_bd_intf_nets axi_dma_0_M_AXI_MM2S] [get_bd_intf_nets axi_dma_0_M_AXI_S2MM] [get_bd_cells axi_mem_intercon]'
regenerate_bd_layout
delete_bd_objs [get_bd_nets rst_ps7_0_142M_peripheral_aresetn] [get_bd_intf_nets axi_vdma_1_M_AXI_MM2S] [get_bd_intf_nets axi_mem_intercon_M00_AXI] [get_bd_intf_nets axi_dma_0_M_AXI_MM2S] [get_bd_intf_nets axi_dma_0_M_AXI_S2MM] [get_bd_cells axi_mem_intercon]
apply_bd_automation -rule xilinx.com:bd_rule:axi4 -config { Clk_master {/processing_system7_0/FCLK_CLK1 (142 MHz)} Clk_slave {/processing_system7_0/FCLK_CLK1 (142 MHz)} Clk_xbar {/processing_system7_0/FCLK_CLK1 (142 MHz)} Master {/axi_vdma_1/M_AXI_MM2S} Slave {/processing_system7_0/S_AXI_HP0} ddr_seg {Auto} intc_ip {New AXI Interconnect} master_apm {0}}  [get_bd_intf_pins processing_system7_0/S_AXI_HP0]
startgroup
apply_bd_automation -rule xilinx.com:bd_rule:axi4 -config { Clk_master {/processing_system7_0/FCLK_CLK0 (100 MHz)} Clk_slave {/processing_system7_0/FCLK_CLK1 (142 MHz)} Clk_xbar {/processing_system7_0/FCLK_CLK1 (142 MHz)} Master {/axi_dma_0/M_AXI_MM2S} Slave {/processing_system7_0/S_AXI_HP0} ddr_seg {Auto} intc_ip {/axi_mem_intercon} master_apm {0}}  [get_bd_intf_pins axi_dma_0/M_AXI_MM2S]
apply_bd_automation -rule xilinx.com:bd_rule:axi4 -config { Clk_master {/processing_system7_0/FCLK_CLK0 (100 MHz)} Clk_slave {/processing_system7_0/FCLK_CLK1 (142 MHz)} Clk_xbar {/processing_system7_0/FCLK_CLK1 (142 MHz)} Master {/axi_dma_0/M_AXI_S2MM} Slave {/processing_system7_0/S_AXI_HP0} ddr_seg {Auto} intc_ip {/axi_mem_intercon} master_apm {0}}  [get_bd_intf_pins axi_dma_0/M_AXI_S2MM]
endgroup
regenerate_bd_layout
save_bd_design
Wrote  : <E:\Code\4K-Upsampling-System-on-Zynq\vivado\vivado.srcs\sources_1\bd\design_1\design_1.bd> 
Wrote  : <E:/Code/4K-Upsampling-System-on-Zynq/vivado/vivado.srcs/sources_1/bd/design_1/ui/bd_1f5defd0.ui> 
ipx::edit_ip_in_project -upgrade true -name axi_dynclk_v1_0_project -directory E:/Code/4K-Upsampling-System-on-Zynq/vivado/vivado.tmp/axi_dynclk_v1_0_project e:/Code/4K-Upsampling-System-on-Zynq/src/ip_repo/axi_dynclk_v1_0/component.xml
INFO: [IP_Flow 19-234] Refreshing IP repositories
INFO: [IP_Flow 19-1704] No user IP repositories specified
INFO: [IP_Flow 19-2313] Loaded Vivado IP repository 'C:/Xilinx/Vivado/2019.2/data/ip'.
INFO: [IP_Flow 19-234] Refreshing IP repositories
WARNING: [IP_Flow 19-2248] Failed to load user IP repository 'e:/Code/4K-Upsampling-System-on-Zynq/ip_repo/Upsampling_Bayes_1.0'; Can't find the specified path.
If this directory should no longer be in your list of user repositories, go to the IP Settings dialog and remove it.
INFO: [IP_Flow 19-1700] Loaded user IP repository 'e:/Code/4K-Upsampling-System-on-Zynq/src/ip_repo'.
INFO: [IP_Flow 19-795] Syncing license key meta-data
WARNING: [filemgmt 56-99] Vivado Synthesis ignores library specification for Verilog or SystemVerilog files. [e:/Code/4K-Upsampling-System-on-Zynq/src/ip_repo/axi_dynclk_v1_0/src/mmcme2_drp.v:]
update_compile_order -fileset sources_1
close_project
set_property location {1 271 332} [get_bd_cells rst_ps7_0_142M]
set_property location {2 545 414} [get_bd_cells ps7_0_axi_periph]
exit
INFO: [Common 17-206] Exiting Vivado at Tue Apr 12 23:32:24 2022...
